This file contains any messages produced by compilers while
running configure, to aid debugging if configure makes a mistake.

It was created by anypaper configure 2.3, which was
generated by GNU Autoconf 2.65.  Invocation command line was

  $ ./configure 

## --------- ##
## Platform. ##
## --------- ##

hostname = MAGIII
uname -m = x86_64
uname -r = 3.0.0-15-generic
uname -s = Linux
uname -v = #26-Ubuntu SMP Fri Jan 20 17:23:00 UTC 2012

/usr/bin/uname -p = unknown
/bin/uname -X     = unknown

/bin/arch              = unknown
/usr/bin/arch -k       = unknown
/usr/convex/getsysinfo = unknown
/usr/bin/hostinfo      = unknown
/bin/machine           = unknown
/usr/bin/oslevel       = unknown
/bin/universe          = unknown

PATH: /usr/lib/lightdm/lightdm
PATH: /usr/local/sbin
PATH: /usr/local/bin
PATH: /usr/sbin
PATH: /usr/bin
PATH: /sbin
PATH: /bin
PATH: /usr/games


## ----------- ##
## Core tests. ##
## ----------- ##

configure:2284: checking for a BSD-compatible install
configure:2352: result: /usr/bin/install -c
configure:2363: checking whether build environment is sane
configure:2413: result: yes
configure:2554: checking for a thread-safe mkdir -p
configure:2593: result: /bin/mkdir -p
configure:2606: checking for gawk
configure:2622: found /usr/bin/gawk
configure:2633: result: gawk
configure:2644: checking whether make sets $(MAKE)
configure:2666: result: yes
configure:2778: checking build system type
configure:2792: result: x86_64-unknown-linux-gnu
configure:2812: checking host system type
configure:2825: result: x86_64-unknown-linux-gnu
configure:2857: checking for style of include used by make
configure:2885: result: GNU
configure:2955: checking for gcc
configure:2971: found /usr/bin/gcc
configure:2982: result: gcc
configure:3211: checking for C compiler version
configure:3220: gcc --version >&5
gcc (Ubuntu/Linaro 4.6.1-9ubuntu3) 4.6.1
Copyright (C) 2011 Free Software Foundation, Inc.
This is free software; see the source for copying conditions.  There is NO
warranty; not even for MERCHANTABILITY or FITNESS FOR A PARTICULAR PURPOSE.

configure:3231: $? = 0
configure:3220: gcc -v >&5
Using built-in specs.
COLLECT_GCC=gcc
COLLECT_LTO_WRAPPER=/usr/lib/gcc/x86_64-linux-gnu/4.6.1/lto-wrapper
Target: x86_64-linux-gnu
Configured with: ../src/configure -v --with-pkgversion='Ubuntu/Linaro 4.6.1-9ubuntu3' --with-bugurl=file:///usr/share/doc/gcc-4.6/README.Bugs --enable-languages=c,c++,fortran,objc,obj-c++,go --prefix=/usr --program-suffix=-4.6 --enable-shared --enable-linker-build-id --with-system-zlib --libexecdir=/usr/lib --without-included-gettext --enable-threads=posix --with-gxx-include-dir=/usr/include/c++/4.6 --libdir=/usr/lib --enable-nls --with-sysroot=/ --enable-clocale=gnu --enable-libstdcxx-debug --enable-libstdcxx-time=yes --enable-plugin --enable-objc-gc --disable-werror --with-arch-32=i686 --with-tune=generic --enable-checking=release --build=x86_64-linux-gnu --host=x86_64-linux-gnu --target=x86_64-linux-gnu
Thread model: posix
gcc version 4.6.1 (Ubuntu/Linaro 4.6.1-9ubuntu3) 
configure:3231: $? = 0
configure:3220: gcc -V >&5
gcc: error: unrecognized option '-V'
gcc: fatal error: no input files
compilation terminated.
configure:3231: $? = 4
configure:3220: gcc -qversion >&5
gcc: error: unrecognized option '-qversion'
gcc: fatal error: no input files
compilation terminated.
configure:3231: $? = 4
configure:3251: checking whether the C compiler works
configure:3273: gcc    conftest.c  >&5
configure:3277: $? = 0
configure:3326: result: yes
configure:3329: checking for C compiler default output file name
configure:3331: result: a.out
configure:3337: checking for suffix of executables
configure:3344: gcc -o conftest    conftest.c  >&5
configure:3348: $? = 0
configure:3370: result: 
configure:3392: checking whether we are cross compiling
configure:3400: gcc -o conftest    conftest.c  >&5
configure:3404: $? = 0
configure:3411: ./conftest
configure:3415: $? = 0
configure:3430: result: no
configure:3435: checking for suffix of object files
configure:3457: gcc -c   conftest.c >&5
configure:3461: $? = 0
configure:3482: result: o
configure:3486: checking whether we are using the GNU C compiler
configure:3505: gcc -c   conftest.c >&5
configure:3505: $? = 0
configure:3514: result: yes
configure:3523: checking whether gcc accepts -g
configure:3543: gcc -c -g  conftest.c >&5
configure:3543: $? = 0
configure:3584: result: yes
configure:3601: checking for gcc option to accept ISO C89
configure:3665: gcc  -c -g -O2  conftest.c >&5
configure:3665: $? = 0
configure:3678: result: none needed
configure:3700: checking dependency style of gcc
configure:3810: result: gcc3
configure:3825: checking for a sed that does not truncate output
configure:3889: result: /bin/sed
configure:3907: checking for grep that handles long lines and -e
configure:3965: result: /bin/grep
configure:3970: checking for egrep
configure:4032: result: /bin/grep -E
configure:4037: checking for fgrep
configure:4099: result: /bin/grep -F
configure:4134: checking for ld used by gcc
configure:4201: result: /usr/bin/ld
configure:4208: checking if the linker (/usr/bin/ld) is GNU ld
configure:4223: result: yes
configure:4235: checking for BSD- or MS-compatible name lister (nm)
configure:4284: result: /usr/bin/nm -B
configure:4402: checking the name lister (/usr/bin/nm -B) interface
configure:4409: gcc -c -g -O2  conftest.c >&5
configure:4412: /usr/bin/nm -B "conftest.o"
configure:4415: output
0000000000000000 B some_variable
configure:4422: result: BSD nm
configure:4425: checking whether ln -s works
configure:4429: result: yes
configure:4437: checking the maximum length of command line arguments
configure:4557: result: 1572864
configure:4574: checking whether the shell understands some XSI constructs
configure:4584: result: yes
configure:4588: checking whether the shell understands "+="
configure:4594: result: yes
configure:4629: checking for /usr/bin/ld option to reload object files
configure:4636: result: -r
configure:4705: checking for objdump
configure:4721: found /usr/bin/objdump
configure:4732: result: objdump
configure:4764: checking how to recognize dependent libraries
configure:4960: result: pass_all
configure:5020: checking for ar
configure:5036: found /usr/bin/ar
configure:5047: result: ar
configure:5125: checking for strip
configure:5141: found /usr/bin/strip
configure:5152: result: strip
configure:5224: checking for ranlib
configure:5240: found /usr/bin/ranlib
configure:5251: result: ranlib
configure:5341: checking command to parse /usr/bin/nm -B output from gcc object
configure:5459: gcc -c -g -O2  conftest.c >&5
configure:5462: $? = 0
configure:5466: /usr/bin/nm -B conftest.o \| sed -n -e 's/^.*[	 ]\([ABCDGIRSTW][ABCDGIRSTW]*\)[	 ][	 ]*\([_A-Za-z][_A-Za-z0-9]*\)$/\1 \2 \2/p' \> conftest.nm
configure:5469: $? = 0
configure:5523: gcc -o conftest -g -O2   conftest.c conftstm.o >&5
configure:5526: $? = 0
configure:5564: result: ok
configure:5660: gcc -c -g -O2  conftest.c >&5
configure:5663: $? = 0
configure:6373: checking how to run the C preprocessor
configure:6404: gcc -E  conftest.c
configure:6404: $? = 0
configure:6418: gcc -E  conftest.c
conftest.c:11:28: fatal error: ac_nonexistent.h: No such file or directory
compilation terminated.
configure:6418: $? = 1
configure: failed program was:
| /* confdefs.h */
| #define PACKAGE_NAME "anypaper"
| #define PACKAGE_TARNAME "anypaper"
| #define PACKAGE_VERSION "2.3"
| #define PACKAGE_STRING "anypaper 2.3"
| #define PACKAGE_BUGREPORT "cdvdt at sourceforge.net"
| #define PACKAGE_URL ""
| #define PACKAGE "anypaper"
| #define VERSION "2.3"
| /* end confdefs.h.  */
| #include <ac_nonexistent.h>
configure:6443: result: gcc -E
configure:6463: gcc -E  conftest.c
configure:6463: $? = 0
configure:6477: gcc -E  conftest.c
conftest.c:11:28: fatal error: ac_nonexistent.h: No such file or directory
compilation terminated.
configure:6477: $? = 1
configure: failed program was:
| /* confdefs.h */
| #define PACKAGE_NAME "anypaper"
| #define PACKAGE_TARNAME "anypaper"
| #define PACKAGE_VERSION "2.3"
| #define PACKAGE_STRING "anypaper 2.3"
| #define PACKAGE_BUGREPORT "cdvdt at sourceforge.net"
| #define PACKAGE_URL ""
| #define PACKAGE "anypaper"
| #define VERSION "2.3"
| /* end confdefs.h.  */
| #include <ac_nonexistent.h>
configure:6506: checking for ANSI C header files
configure:6526: gcc -c -g -O2  conftest.c >&5
configure:6526: $? = 0
configure:6599: gcc -o conftest -g -O2   conftest.c  >&5
configure:6599: $? = 0
configure:6599: ./conftest
configure:6599: $? = 0
configure:6610: result: yes
configure:6623: checking for sys/types.h
configure:6623: gcc -c -g -O2  conftest.c >&5
configure:6623: $? = 0
configure:6623: result: yes
configure:6623: checking for sys/stat.h
configure:6623: gcc -c -g -O2  conftest.c >&5
configure:6623: $? = 0
configure:6623: result: yes
configure:6623: checking for stdlib.h
configure:6623: gcc -c -g -O2  conftest.c >&5
configure:6623: $? = 0
configure:6623: result: yes
configure:6623: checking for string.h
configure:6623: gcc -c -g -O2  conftest.c >&5
configure:6623: $? = 0
configure:6623: result: yes
configure:6623: checking for memory.h
configure:6623: gcc -c -g -O2  conftest.c >&5
configure:6623: $? = 0
configure:6623: result: yes
configure:6623: checking for strings.h
configure:6623: gcc -c -g -O2  conftest.c >&5
configure:6623: $? = 0
configure:6623: result: yes
configure:6623: checking for inttypes.h
configure:6623: gcc -c -g -O2  conftest.c >&5
configure:6623: $? = 0
configure:6623: result: yes
configure:6623: checking for stdint.h
configure:6623: gcc -c -g -O2  conftest.c >&5
configure:6623: $? = 0
configure:6623: result: yes
configure:6623: checking for unistd.h
configure:6623: gcc -c -g -O2  conftest.c >&5
configure:6623: $? = 0
configure:6623: result: yes
configure:6638: checking for dlfcn.h
configure:6638: gcc -c -g -O2  conftest.c >&5
configure:6638: $? = 0
configure:6638: result: yes
configure:6822: checking for objdir
configure:6837: result: .libs
configure:7133: checking if gcc supports -fno-rtti -fno-exceptions
configure:7151: gcc -c -g -O2  -fno-rtti -fno-exceptions conftest.c >&5
cc1: warning: command line option '-fno-rtti' is valid for C++/ObjC++ but not for C [enabled by default]
configure:7155: $? = 0
configure:7168: result: no
configure:7188: checking for gcc option to produce PIC
configure:7460: result: -fPIC -DPIC
configure:7472: checking if gcc PIC flag -fPIC -DPIC works
configure:7490: gcc -c -g -O2  -fPIC -DPIC -DPIC conftest.c >&5
configure:7494: $? = 0
configure:7507: result: yes
configure:7531: checking if gcc static flag -static works
configure:7559: result: yes
configure:7574: checking if gcc supports -c -o file.o
configure:7595: gcc -c -g -O2  -o out/conftest2.o conftest.c >&5
configure:7599: $? = 0
configure:7621: result: yes
configure:7629: checking if gcc supports -c -o file.o
configure:7676: result: yes
configure:7709: checking whether the gcc linker (/usr/bin/ld -m elf_x86_64) supports shared libraries
configure:8696: result: yes
configure:8733: checking whether -lc should be explicitly linked in
configure:8738: gcc -c -g -O2  conftest.c >&5
configure:8741: $? = 0
configure:8756: gcc -shared conftest.o  -v -Wl,-soname -Wl,conftest -o conftest 2\>\&1 \| /bin/grep  -lc  \>/dev/null 2\>\&1
configure:8759: $? = 0
configure:8771: result: no
configure:8935: checking dynamic linker characteristics
configure:9368: gcc -o conftest -g -O2   -Wl,-rpath -Wl,/foo conftest.c  >&5
configure:9368: $? = 0
configure:9598: result: GNU/Linux ld.so
configure:9700: checking how to hardcode library paths into programs
configure:9725: result: immediate
configure:10245: checking whether stripping libraries is possible
configure:10250: result: yes
configure:10285: checking if libtool supports shared libraries
configure:10287: result: yes
configure:10290: checking whether to build shared libraries
configure:10311: result: yes
configure:10314: checking whether to build static libraries
configure:10318: result: yes
configure:10403: checking for pkg-config
configure:10421: found /usr/bin/pkg-config
configure:10433: result: /usr/bin/pkg-config
configure:10458: checking pkg-config is at least version 0.9.0
configure:10461: result: yes
configure:10474: checking for gtkdoc-check
configure:10507: result: no
configure:10516: checking for gtkdoc-rebase
configure:10549: result: no
configure:10560: checking for gtkdoc-mkpdf
configure:10593: result: no
configure:10631: checking whether to build gtk-doc documentation
configure:10633: result: no
configure:10746: checking for gcc
configure:10773: result: gcc
configure:11002: checking for C compiler version
configure:11011: gcc --version >&5
gcc (Ubuntu/Linaro 4.6.1-9ubuntu3) 4.6.1
Copyright (C) 2011 Free Software Foundation, Inc.
This is free software; see the source for copying conditions.  There is NO
warranty; not even for MERCHANTABILITY or FITNESS FOR A PARTICULAR PURPOSE.

configure:11022: $? = 0
configure:11011: gcc -v >&5
Using built-in specs.
COLLECT_GCC=gcc
COLLECT_LTO_WRAPPER=/usr/lib/gcc/x86_64-linux-gnu/4.6.1/lto-wrapper
Target: x86_64-linux-gnu
Configured with: ../src/configure -v --with-pkgversion='Ubuntu/Linaro 4.6.1-9ubuntu3' --with-bugurl=file:///usr/share/doc/gcc-4.6/README.Bugs --enable-languages=c,c++,fortran,objc,obj-c++,go --prefix=/usr --program-suffix=-4.6 --enable-shared --enable-linker-build-id --with-system-zlib --libexecdir=/usr/lib --without-included-gettext --enable-threads=posix --with-gxx-include-dir=/usr/include/c++/4.6 --libdir=/usr/lib --enable-nls --with-sysroot=/ --enable-clocale=gnu --enable-libstdcxx-debug --enable-libstdcxx-time=yes --enable-plugin --enable-objc-gc --disable-werror --with-arch-32=i686 --with-tune=generic --enable-checking=release --build=x86_64-linux-gnu --host=x86_64-linux-gnu --target=x86_64-linux-gnu
Thread model: posix
gcc version 4.6.1 (Ubuntu/Linaro 4.6.1-9ubuntu3) 
configure:11022: $? = 0
configure:11011: gcc -V >&5
gcc: error: unrecognized option '-V'
gcc: fatal error: no input files
compilation terminated.
configure:11022: $? = 4
configure:11011: gcc -qversion >&5
gcc: error: unrecognized option '-qversion'
gcc: fatal error: no input files
compilation terminated.
configure:11022: $? = 4
configure:11026: checking whether we are using the GNU C compiler
configure:11054: result: yes
configure:11063: checking whether gcc accepts -g
configure:11124: result: yes
configure:11141: checking for gcc option to accept ISO C89
configure:11218: result: none needed
configure:11240: checking dependency style of gcc
configure:11350: result: gcc3
configure:11377: checking for ANYPAPER
configure:11388: $PKG_CONFIG --exists --print-errors "
	gtk+-2.0 >= 2.10.0
	glib-2.0 >= 2.12.0
"
configure:11394: $? = 0
configure:11415: $PKG_CONFIG --exists --print-errors "
	gtk+-2.0 >= 2.10.0
	glib-2.0 >= 2.12.0
"
configure:11421: $? = 0
configure:11488: result: yes
configure:11642: creating ./config.status

## ---------------------- ##
## Running config.status. ##
## ---------------------- ##

This file was extended by anypaper config.status 2.3, which was
generated by GNU Autoconf 2.65.  Invocation command line was

  CONFIG_FILES    = 
  CONFIG_HEADERS  = 
  CONFIG_LINKS    = 
  CONFIG_COMMANDS = 
  $ ./config.status 

on MAGIII

config.status:1086: creating Makefile
config.status:1086: creating anypaper/Makefile
config.status:1086: creating pixmaps/Makefile
config.status:1086: creating docs/Makefile
config.status:1086: creating docs/reference/Makefile
config.status:1086: creating config.h
config.status:1306: executing depfiles commands
config.status:1306: executing libtool commands

## ---------------- ##
## Cache variables. ##
## ---------------- ##

ac_cv_build=x86_64-unknown-linux-gnu
ac_cv_c_compiler_gnu=yes
ac_cv_env_ANYPAPER_CFLAGS_set=
ac_cv_env_ANYPAPER_CFLAGS_value=
ac_cv_env_ANYPAPER_LIBS_set=
ac_cv_env_ANYPAPER_LIBS_value=
ac_cv_env_CC_set=
ac_cv_env_CC_value=
ac_cv_env_CFLAGS_set=
ac_cv_env_CFLAGS_value=
ac_cv_env_CPPFLAGS_set=
ac_cv_env_CPPFLAGS_value=
ac_cv_env_CPP_set=
ac_cv_env_CPP_value=
ac_cv_env_LDFLAGS_set=
ac_cv_env_LDFLAGS_value=
ac_cv_env_LIBS_set=
ac_cv_env_LIBS_value=
ac_cv_env_PKG_CONFIG_set=
ac_cv_env_PKG_CONFIG_value=
ac_cv_env_build_alias_set=
ac_cv_env_build_alias_value=
ac_cv_env_host_alias_set=
ac_cv_env_host_alias_value=
ac_cv_env_target_alias_set=
ac_cv_env_target_alias_value=
ac_cv_header_dlfcn_h=yes
ac_cv_header_inttypes_h=yes
ac_cv_header_memory_h=yes
ac_cv_header_stdc=yes
ac_cv_header_stdint_h=yes
ac_cv_header_stdlib_h=yes
ac_cv_header_string_h=yes
ac_cv_header_strings_h=yes
ac_cv_header_sys_stat_h=yes
ac_cv_header_sys_types_h=yes
ac_cv_header_unistd_h=yes
ac_cv_host=x86_64-unknown-linux-gnu
ac_cv_objext=o
ac_cv_path_EGREP='/bin/grep -E'
ac_cv_path_FGREP='/bin/grep -F'
ac_cv_path_GREP=/bin/grep
ac_cv_path_SED=/bin/sed
ac_cv_path_ac_pt_PKG_CONFIG=/usr/bin/pkg-config
ac_cv_path_install='/usr/bin/install -c'
ac_cv_path_mkdir=/bin/mkdir
ac_cv_prog_AWK=gawk
ac_cv_prog_CPP='gcc -E'
ac_cv_prog_ac_ct_AR=ar
ac_cv_prog_ac_ct_CC=gcc
ac_cv_prog_ac_ct_OBJDUMP=objdump
ac_cv_prog_ac_ct_RANLIB=ranlib
ac_cv_prog_ac_ct_STRIP=strip
ac_cv_prog_cc_c89=
ac_cv_prog_cc_g=yes
ac_cv_prog_make_make_set=yes
am_cv_CC_dependencies_compiler_type=gcc3
lt_cv_deplibs_check_method=pass_all
lt_cv_file_magic_cmd='$MAGIC_CMD'
lt_cv_file_magic_test_file=
lt_cv_ld_reload_flag=-r
lt_cv_nm_interface='BSD nm'
lt_cv_objdir=.libs
lt_cv_path_LD=/usr/bin/ld
lt_cv_path_NM='/usr/bin/nm -B'
lt_cv_prog_compiler_c_o=yes
lt_cv_prog_compiler_pic_works=yes
lt_cv_prog_compiler_rtti_exceptions=no
lt_cv_prog_compiler_static_works=yes
lt_cv_prog_gnu_ld=yes
lt_cv_sys_global_symbol_pipe='sed -n -e '\''s/^.*[	 ]\([ABCDGIRSTW][ABCDGIRSTW]*\)[	 ][	 ]*\([_A-Za-z][_A-Za-z0-9]*\)$/\1 \2 \2/p'\'''
lt_cv_sys_global_symbol_to_c_name_address='sed -n -e '\''s/^: \([^ ]*\) $/  {\"\1\", (void *) 0},/p'\'' -e '\''s/^[ABCDGIRSTW]* \([^ ]*\) \([^ ]*\)$/  {"\2", (void *) \&\2},/p'\'''
lt_cv_sys_global_symbol_to_c_name_address_lib_prefix='sed -n -e '\''s/^: \([^ ]*\) $/  {\"\1\", (void *) 0},/p'\'' -e '\''s/^[ABCDGIRSTW]* \([^ ]*\) \(lib[^ ]*\)$/  {"\2", (void *) \&\2},/p'\'' -e '\''s/^[ABCDGIRSTW]* \([^ ]*\) \([^ ]*\)$/  {"lib\2", (void *) \&\2},/p'\'''
lt_cv_sys_global_symbol_to_cdecl='sed -n -e '\''s/^T .* \(.*\)$/extern int \1();/p'\'' -e '\''s/^[ABCDGIRSTW]* .* \(.*\)$/extern char \1;/p'\'''
lt_cv_sys_max_cmd_len=1572864
pkg_cv_ANYPAPER_CFLAGS='-pthread -I/usr/include/gtk-2.0 -I/usr/lib/x86_64-linux-gnu/gtk-2.0/include -I/usr/include/atk-1.0 -I/usr/include/cairo -I/usr/include/gdk-pixbuf-2.0 -I/usr/include/pango-1.0 -I/usr/include/gio-unix-2.0/ -I/usr/include/glib-2.0 -I/usr/lib/x86_64-linux-gnu/glib-2.0/include -I/usr/include/pixman-1 -I/usr/include/freetype2 -I/usr/include/libpng12  '
pkg_cv_ANYPAPER_LIBS='-pthread -lgtk-x11-2.0 -lgdk-x11-2.0 -latk-1.0 -lgio-2.0 -lpangoft2-1.0 -lpangocairo-1.0 -lgdk_pixbuf-2.0 -lcairo -lpango-1.0 -lfreetype -lfontconfig -lgobject-2.0 -lgmodule-2.0 -lgthread-2.0 -lrt -lglib-2.0  '

## ----------------- ##
## Output variables. ##
## ----------------- ##

ACLOCAL='${SHELL} /media/dados/sergio/Anime/anypaper-2.3/trunk/missing --run aclocal-1.11'
AMDEPBACKSLASH='\'
AMDEP_FALSE='#'
AMDEP_TRUE=''
AMTAR='${SHELL} /media/dados/sergio/Anime/anypaper-2.3/trunk/missing --run tar'
ANYPAPER_CFLAGS='-pthread -I/usr/include/gtk-2.0 -I/usr/lib/x86_64-linux-gnu/gtk-2.0/include -I/usr/include/atk-1.0 -I/usr/include/cairo -I/usr/include/gdk-pixbuf-2.0 -I/usr/include/pango-1.0 -I/usr/include/gio-unix-2.0/ -I/usr/include/glib-2.0 -I/usr/lib/x86_64-linux-gnu/glib-2.0/include -I/usr/include/pixman-1 -I/usr/include/freetype2 -I/usr/include/libpng12  '
ANYPAPER_LIBS='-pthread -lgtk-x11-2.0 -lgdk-x11-2.0 -latk-1.0 -lgio-2.0 -lpangoft2-1.0 -lpangocairo-1.0 -lgdk_pixbuf-2.0 -lcairo -lpango-1.0 -lfreetype -lfontconfig -lgobject-2.0 -lgmodule-2.0 -lgthread-2.0 -lrt -lglib-2.0  '
AR='ar'
AUTOCONF='${SHELL} /media/dados/sergio/Anime/anypaper-2.3/trunk/missing --run autoconf'
AUTOHEADER='${SHELL} /media/dados/sergio/Anime/anypaper-2.3/trunk/missing --run autoheader'
AUTOMAKE='${SHELL} /media/dados/sergio/Anime/anypaper-2.3/trunk/missing --run automake-1.11'
AWK='gawk'
CC='gcc'
CCDEPMODE='depmode=gcc3'
CFLAGS='-g -O2'
CPP='gcc -E'
CPPFLAGS=''
CYGPATH_W='echo'
DEFS='-DHAVE_CONFIG_H'
DEPDIR='.deps'
DSYMUTIL=''
DUMPBIN=''
ECHO_C=''
ECHO_N='-n'
ECHO_T=''
EGREP='/bin/grep -E'
ENABLE_GTK_DOC_FALSE=''
ENABLE_GTK_DOC_TRUE='#'
EXEEXT=''
FGREP='/bin/grep -F'
GREP='/bin/grep'
GTKDOC_CHECK=''
GTKDOC_MKPDF=''
GTKDOC_REBASE='true'
GTK_DOC_BUILD_HTML_FALSE='#'
GTK_DOC_BUILD_HTML_TRUE=''
GTK_DOC_BUILD_PDF_FALSE=''
GTK_DOC_BUILD_PDF_TRUE='#'
GTK_DOC_USE_LIBTOOL_FALSE='#'
GTK_DOC_USE_LIBTOOL_TRUE=''
GTK_DOC_USE_REBASE_FALSE='#'
GTK_DOC_USE_REBASE_TRUE=''
HTML_DIR='${datadir}/gtk-doc/html'
INSTALL_DATA='${INSTALL} -m 644'
INSTALL_PROGRAM='${INSTALL}'
INSTALL_SCRIPT='${INSTALL}'
INSTALL_STRIP_PROGRAM='$(install_sh) -c -s'
LD='/usr/bin/ld -m elf_x86_64'
LDFLAGS=''
LIBOBJS=''
LIBS=''
LIBTOOL='$(SHELL) $(top_builddir)/libtool'
LIPO=''
LN_S='ln -s'
LTLIBOBJS=''
MAKEINFO='${SHELL} /media/dados/sergio/Anime/anypaper-2.3/trunk/missing --run makeinfo'
MKDIR_P='/bin/mkdir -p'
NM='/usr/bin/nm -B'
NMEDIT=''
OBJDUMP='objdump'
OBJEXT='o'
OTOOL64=''
OTOOL=''
PACKAGE='anypaper'
PACKAGE_BUGREPORT='cdvdt at sourceforge.net'
PACKAGE_NAME='anypaper'
PACKAGE_STRING='anypaper 2.3'
PACKAGE_TARNAME='anypaper'
PACKAGE_URL=''
PACKAGE_VERSION='2.3'
PATH_SEPARATOR=':'
PKG_CONFIG='/usr/bin/pkg-config'
RANLIB='ranlib'
SED='/bin/sed'
SET_MAKE=''
SHELL='/bin/bash'
STRIP='strip'
VERSION='2.3'
ac_ct_CC='gcc'
ac_ct_DUMPBIN=''
am__EXEEXT_FALSE=''
am__EXEEXT_TRUE='#'
am__fastdepCC_FALSE='#'
am__fastdepCC_TRUE=''
am__include='include'
am__isrc=''
am__leading_dot='.'
am__quote=''
am__tar='${AMTAR} chof - "$$tardir"'
am__untar='${AMTAR} xf -'
bindir='${exec_prefix}/bin'
build='x86_64-unknown-linux-gnu'
build_alias=''
build_cpu='x86_64'
build_os='linux-gnu'
build_vendor='unknown'
datadir='${datarootdir}'
datarootdir='${prefix}/share'
docdir='${datarootdir}/doc/${PACKAGE_TARNAME}'
dvidir='${docdir}'
exec_prefix='${prefix}'
host='x86_64-unknown-linux-gnu'
host_alias=''
host_cpu='x86_64'
host_os='linux-gnu'
host_vendor='unknown'
htmldir='${docdir}'
includedir='${prefix}/include'
infodir='${datarootdir}/info'
install_sh='${SHELL} /media/dados/sergio/Anime/anypaper-2.3/trunk/install-sh'
libdir='${exec_prefix}/lib'
libexecdir='${exec_prefix}/libexec'
localedir='${datarootdir}/locale'
localstatedir='${prefix}/var'
lt_ECHO='echo'
mandir='${datarootdir}/man'
mkdir_p='/bin/mkdir -p'
oldincludedir='/usr/include'
pdfdir='${docdir}'
prefix='/usr/local'
program_transform_name='s,x,x,'
psdir='${docdir}'
sbindir='${exec_prefix}/sbin'
sharedstatedir='${prefix}/com'
sysconfdir='${prefix}/etc'
target_alias=''

## ----------- ##
## confdefs.h. ##
## ----------- ##

/* confdefs.h */
#define PACKAGE_NAME "anypaper"
#define PACKAGE_TARNAME "anypaper"
#define PACKAGE_VERSION "2.3"
#define PACKAGE_STRING "anypaper 2.3"
#define PACKAGE_BUGREPORT "cdvdt at sourceforge.net"
#define PACKAGE_URL ""
#define PACKAGE "anypaper"
#define VERSION "2.3"
#define STDC_HEADERS 1
#define HAVE_SYS_TYPES_H 1
#define HAVE_SYS_STAT_H 1
#define HAVE_STDLIB_H 1
#define HAVE_STRING_H 1
#define HAVE_MEMORY_H 1
#define HAVE_STRINGS_H 1
#define HAVE_INTTYPES_H 1
#define HAVE_STDINT_H 1
#define HAVE_UNISTD_H 1
#define HAVE_DLFCN_H 1
#define LT_OBJDIR ".libs/"

configure: exit 0
